<?xml version="1.0" encoding="UTF-8"?>
<!-- Generated by org.testng.reporters.JUnitReportReporter -->
<testsuite hostname="DESKTOP-65HJ227" failures="0" tests="1" name="EndToEndTest.CreditBill_E2E" time="91.812" errors="0" timestamp="2025-05-02T15:48:14 IST" skipped="0">
  <testcase classname="EndToEndTest.CreditBill_E2E" name="salesBill" time="91.812"/>
</testsuite> <!-- EndToEndTest.CreditBill_E2E -->
