<?xml version="1.0" encoding="UTF-8"?>
<!-- Generated by org.testng.reporters.JUnitReportReporter -->
<testsuite hostname="DESKTOP-65HJ227" failures="0" tests="1" name="Products.LoginTest" time="13.621" errors="0" timestamp="2025-04-12T21:41:18 IST" skipped="0">
  <testcase classname="Products.LoginTest" name="testLogin" time="13.621"/>
</testsuite> <!-- Products.LoginTest -->
