<?xml version="1.0" encoding="UTF-8"?>
<!-- Generated by org.testng.reporters.JUnitReportReporter -->
<testsuite hostname="DESKTOP-65HJ227" failures="0" tests="1" name="Customers.AddCustomer_Test" time="81.772" errors="0" timestamp="2025-05-08T13:26:41 IST" skipped="0">
  <testcase classname="Customers.AddCustomer_Test" name="addCustomers" time="81.772"/>
</testsuite> <!-- Customers.AddCustomer_Test -->
