<?xml version="1.0" encoding="UTF-8"?>
<!-- Generated by org.testng.reporters.JUnitReportReporter -->
<testsuite hostname="DESKTOP-65HJ227" failures="0" tests="1" name="Distributors.AddDistributor_Test" time="195.050" errors="0" timestamp="2025-04-21T14:47:27 IST" skipped="0">
  <testcase classname="Distributors.AddDistributor_Test" name="addDistributors" time="195.050"/>
</testsuite> <!-- Distributors.AddDistributor_Test -->
