<?xml version="1.0" encoding="UTF-8"?>
<!-- Generated by org.testng.reporters.JUnitReportReporter -->
<testsuite hostname="DESKTOP-65HJ227" failures="0" tests="1" name="Products.AddProductsTest" time="64.999" errors="0" timestamp="2025-04-17T17:24:38 IST" skipped="0">
  <testcase classname="Products.AddProductsTest" name="addProducts" time="64.999"/>
</testsuite> <!-- Products.AddProductsTest -->
