<?xml version="1.0" encoding="UTF-8"?>
<!-- Generated by org.testng.reporters.JUnitReportReporter -->
<testsuite hostname="DESKTOP-65HJ227" failures="0" tests="1" name="EndToEndTest.DistE2E" time="75.647" errors="0" timestamp="2025-05-02T15:29:36 IST" skipped="0">
  <testcase classname="EndToEndTest.DistE2E" name="addDistributors" time="75.647"/>
</testsuite> <!-- EndToEndTest.DistE2E -->
