<?xml version="1.0" encoding="UTF-8"?>
<!-- Generated by org.testng.reporters.JUnitReportReporter -->
<testsuite hostname="DESKTOP-65HJ227" failures="0" tests="1" name="EndToEndTest.E2ETest" time="121.242" errors="0" timestamp="2025-05-02T15:44:59 IST" skipped="0">
  <testcase classname="EndToEndTest.E2ETest" name="salesBill" time="121.242"/>
</testsuite> <!-- EndToEndTest.E2ETest -->
