<?xml version="1.0" encoding="UTF-8"?>
<!-- Generated by org.testng.reporters.JUnitReportReporter -->
<testsuite hostname="DESKTOP-65HJ227" failures="0" tests="1" name="BillingCart.BillingCartTest" time="55.723" errors="0" timestamp="2025-05-01T19:53:29 IST" skipped="0">
  <testcase classname="BillingCart.BillingCartTest" name="billingCart" time="55.723"/>
</testsuite> <!-- BillingCart.BillingCartTest -->
